[debug] [2020-11-24T14:11:49.853Z] ----------------------------------------------------------------------
[debug] [2020-11-24T14:11:49.855Z] Command:       C:\Program Files\nodejs\node.exe C:\Users\프랜즈\AppData\Roaming\npm\node_modules\firebase-tools\lib\bin\firebase.js emulators:start
[debug] [2020-11-24T14:11:49.855Z] CLI Version:   8.14.1
[debug] [2020-11-24T14:11:49.856Z] Platform:      win32
[debug] [2020-11-24T14:11:49.856Z] Node Version:  v12.18.3
[debug] [2020-11-24T14:11:49.857Z] Time:          Tue Nov 24 2020 23:11:49 GMT+0900 (GMT+09:00)
[debug] [2020-11-24T14:11:49.857Z] ----------------------------------------------------------------------
[debug] [2020-11-24T14:11:49.857Z] 
[debug] [2020-11-24T14:11:49.866Z] > command requires scopes: ["email","openid","https://www.googleapis.com/auth/cloudplatformprojects.readonly","https://www.googleapis.com/auth/firebase","https://www.googleapis.com/auth/cloud-platform"]
[debug] [2020-11-24T14:11:49.867Z] > authorizing via signed-in user
[info] i  emulators: Starting emulators: functions, hosting {"metadata":{"emulator":{"name":"hub"},"message":"Starting emulators: functions, hosting"}}
[debug] [2020-11-24T14:11:50.904Z] [hub] writing locator at C:\Users\프랜즈\AppData\Local\Temp\hub-clone-379c9.json
[warn] !  functions: The following emulators are not running, calls to these services from the Functions emulator will affect production: auth, firestore, database, pubsub {"metadata":{"emulator":{"name":"functions"},"message":"The following emulators are not running, calls to these services from the Functions emulator will affect production: \u001b[1mauth, firestore, database, pubsub\u001b[22m"}}
[info] +  functions: Using node@12 from host. {"metadata":{"emulator":{"name":"functions"},"message":"Using node@12 from host."}}
[debug] [2020-11-24T14:11:51.948Z] defaultcredentials: writing to file C:\Users\프랜즈\AppData\Roaming\firebase\happycodingmama_gmail_com_application_default_credentials.json
[debug] [2020-11-24T14:11:51.952Z] Setting GAC to C:\Users\프랜즈\AppData\Roaming\firebase\happycodingmama_gmail_com_application_default_credentials.json {"metadata":{"emulator":{"name":"functions"},"message":"Setting GAC to C:\\Users\\프랜즈\\AppData\\Roaming\\firebase\\happycodingmama_gmail_com_application_default_credentials.json"}}
[debug] [2020-11-24T14:11:52.968Z] >>> HTTP REQUEST GET https://firebase.googleapis.com/v1beta1/projects/clone-379c9/webApps/-/config  
 
[debug] [2020-11-24T14:11:54.328Z] <<< HTTP RESPONSE 200 {"content-type":"application/json; charset=UTF-8","vary":"X-Origin, Referer, Origin,Accept-Encoding","date":"Tue, 24 Nov 2020 14:11:48 GMT","server":"ESF","cache-control":"private","x-xss-protection":"0","x-frame-options":"SAMEORIGIN","x-content-type-options":"nosniff","alt-svc":"h3-29=\":443\"; ma=2592000,h3-T051=\":443\"; ma=2592000,h3-Q050=\":443\"; ma=2592000,h3-Q046=\":443\"; ma=2592000,h3-Q043=\":443\"; ma=2592000,quic=\":443\"; ma=2592000; v=\"46,43\"","accept-ranges":"none","transfer-encoding":"chunked"}
[info] i  hosting: Serving hosting files from: build {"metadata":{"emulator":{"name":"hosting"},"message":"Serving hosting files from: \u001b[1mbuild\u001b[22m"}}
[info] +  hosting: Local server: http://localhost:5000 {"metadata":{"emulator":{"name":"hosting"},"message":"Local server: \u001b[4m\u001b[1mhttp://localhost:5000\u001b[22m\u001b[24m"}}
[debug] [2020-11-24T14:11:56.376Z] Ignoring unsupported arg: auto_download {"metadata":{"emulator":{"name":"ui"},"message":"Ignoring unsupported arg: auto_download"}}
[debug] [2020-11-24T14:11:56.377Z] Ignoring unsupported arg: port {"metadata":{"emulator":{"name":"ui"},"message":"Ignoring unsupported arg: port"}}
[debug] [2020-11-24T14:11:56.377Z] Starting Emulator UI with command {"binary":"node","args":["C:\\Users\\프랜즈\\.cache\\firebase\\emulators\\ui-v1.2.2\\server.bundle.js"],"optionalArgs":[],"joinArgs":false} {"metadata":{"emulator":{"name":"ui"},"message":"Starting Emulator UI with command {\"binary\":\"node\",\"args\":[\"C:\\\\Users\\\\프랜즈\\\\.cache\\\\firebase\\\\emulators\\\\ui-v1.2.2\\\\server.bundle.js\"],\"optionalArgs\":[],\"joinArgs\":false}"}}
[info] i  ui: Emulator UI logging to ui-debug.log {"metadata":{"emulator":{"name":"ui"},"message":"Emulator UI logging to \u001b[1mui-debug.log\u001b[22m"}}
[debug] [2020-11-24T14:11:56.517Z] Web / API server started at http://localhost:4000
 {"metadata":{"emulator":{"name":"ui"},"message":"Web / API server started at http://localhost:4000\n"}}
[info] i  functions: Watching "D:\JavaScript_study\backup\build_projects_Portfolio\Portfolio\e-commerce\amazon-clone\functions" for Cloud Functions... {"metadata":{"emulator":{"name":"functions"},"message":"Watching \"D:\\JavaScript_study\\backup\\build_projects_Portfolio\\Portfolio\\e-commerce\\amazon-clone\\functions\" for Cloud Functions..."}}
[debug] [2020-11-24T14:11:56.928Z] [worker-pool] addWorker(~diagnostic~) {"metadata":{"emulator":{"name":"functions"},"message":"[worker-pool] addWorker(~diagnostic~)"}}
[debug] [2020-11-24T14:11:56.929Z] [worker-pool] Adding worker with key ~diagnostic~, total=1 {"metadata":{"emulator":{"name":"functions"},"message":"[worker-pool] Adding worker with key ~diagnostic~, total=1"}}
[debug] [2020-11-24T14:11:56.929Z] [worker-pool] submitWork(triggerId=) {"metadata":{"emulator":{"name":"functions"},"message":"[worker-pool] submitWork(triggerId=)"}}
[debug] [2020-11-24T14:11:56.930Z] [worker-~diagnostic~-78a3bc4a-0e0a-425f-b3b0-e61d6d144023]: Assigning socketPath: \\?\pipe\D:\JavaScript_study\backup\build_projects_Portfolio\Portfolio\e-commerce\amazon-clone\functions\16308 {"metadata":{"emulator":{"name":"functions"},"message":"[worker-~diagnostic~-78a3bc4a-0e0a-425f-b3b0-e61d6d144023]: Assigning socketPath: \\\\?\\pipe\\D:\\JavaScript_study\\backup\\build_projects_Portfolio\\Portfolio\\e-commerce\\amazon-clone\\functions\\16308"}}
[debug] [2020-11-24T14:11:56.931Z] [worker-~diagnostic~-78a3bc4a-0e0a-425f-b3b0-e61d6d144023]: BUSY {"metadata":{"emulator":{"name":"functions"},"message":"[worker-~diagnostic~-78a3bc4a-0e0a-425f-b3b0-e61d6d144023]: BUSY"}}
[debug] [2020-11-24T14:11:57.479Z] [runtime-status] [16308] Functions runtime initialized. {"cwd":"D:\\JavaScript_study\\backup\\build_projects_Portfolio\\Portfolio\\e-commerce\\amazon-clone\\functions","node_version":"12.18.3"} {"metadata":{"emulator":{"name":"functions"},"message":"[runtime-status] [16308] Functions runtime initialized. {\"cwd\":\"D:\\\\JavaScript_study\\\\backup\\\\build_projects_Portfolio\\\\Portfolio\\\\e-commerce\\\\amazon-clone\\\\functions\",\"node_version\":\"12.18.3\"}"}}
[debug] [2020-11-24T14:11:57.481Z] [runtime-status] [16308] Disabled runtime features: undefined {"metadata":{"emulator":{"name":"functions"},"message":"[runtime-status] [16308] Disabled runtime features: undefined"}}
[debug] [2020-11-24T14:11:57.488Z] [runtime-status] [16308] Resolved module firebase-admin {"declared":true,"installed":true,"version":"9.4.1","resolution":"D:\\JavaScript_study\\backup\\build_projects_Portfolio\\Portfolio\\e-commerce\\amazon-clone\\functions\\node_modules\\firebase-admin\\lib\\index.js"} {"metadata":{"emulator":{"name":"functions"},"message":"[runtime-status] [16308] Resolved module firebase-admin {\"declared\":true,\"installed\":true,\"version\":\"9.4.1\",\"resolution\":\"D:\\\\JavaScript_study\\\\backup\\\\build_projects_Portfolio\\\\Portfolio\\\\e-commerce\\\\amazon-clone\\\\functions\\\\node_modules\\\\firebase-admin\\\\lib\\\\index.js\"}"}}
[debug] [2020-11-24T14:11:57.490Z] [runtime-status] [16308] Resolved module firebase-functions {"declared":true,"installed":true,"version":"3.11.0","resolution":"D:\\JavaScript_study\\backup\\build_projects_Portfolio\\Portfolio\\e-commerce\\amazon-clone\\functions\\node_modules\\firebase-functions\\lib\\index.js"} {"metadata":{"emulator":{"name":"functions"},"message":"[runtime-status] [16308] Resolved module firebase-functions {\"declared\":true,\"installed\":true,\"version\":\"3.11.0\",\"resolution\":\"D:\\\\JavaScript_study\\\\backup\\\\build_projects_Portfolio\\\\Portfolio\\\\e-commerce\\\\amazon-clone\\\\functions\\\\node_modules\\\\firebase-functions\\\\lib\\\\index.js\"}"}}
[debug] [2020-11-24T14:11:57.492Z] [runtime-status] [16308] Resolved module firebase-functions {"declared":true,"installed":true,"version":"3.11.0","resolution":"D:\\JavaScript_study\\backup\\build_projects_Portfolio\\Portfolio\\e-commerce\\amazon-clone\\functions\\node_modules\\firebase-functions\\lib\\index.js"} {"metadata":{"emulator":{"name":"functions"},"message":"[runtime-status] [16308] Resolved module firebase-functions {\"declared\":true,\"installed\":true,\"version\":\"3.11.0\",\"resolution\":\"D:\\\\JavaScript_study\\\\backup\\\\build_projects_Portfolio\\\\Portfolio\\\\e-commerce\\\\amazon-clone\\\\functions\\\\node_modules\\\\firebase-functions\\\\lib\\\\index.js\"}"}}
[debug] [2020-11-24T14:11:57.494Z] [runtime-status] [16308] Outgoing network have been stubbed. [{"name":"http","status":"mocked"},{"name":"http","status":"mocked"},{"name":"https","status":"mocked"},{"name":"https","status":"mocked"},{"name":"net","status":"mocked"}] {"metadata":{"emulator":{"name":"functions"},"message":"[runtime-status] [16308] Outgoing network have been stubbed. [{\"name\":\"http\",\"status\":\"mocked\"},{\"name\":\"http\",\"status\":\"mocked\"},{\"name\":\"https\",\"status\":\"mocked\"},{\"name\":\"https\",\"status\":\"mocked\"},{\"name\":\"net\",\"status\":\"mocked\"}]"}}
[debug] [2020-11-24T14:11:57.495Z] [runtime-status] [16308] Resolved module firebase-functions {"declared":true,"installed":true,"version":"3.11.0","resolution":"D:\\JavaScript_study\\backup\\build_projects_Portfolio\\Portfolio\\e-commerce\\amazon-clone\\functions\\node_modules\\firebase-functions\\lib\\index.js"} {"metadata":{"emulator":{"name":"functions"},"message":"[runtime-status] [16308] Resolved module firebase-functions {\"declared\":true,\"installed\":true,\"version\":\"3.11.0\",\"resolution\":\"D:\\\\JavaScript_study\\\\backup\\\\build_projects_Portfolio\\\\Portfolio\\\\e-commerce\\\\amazon-clone\\\\functions\\\\node_modules\\\\firebase-functions\\\\lib\\\\index.js\"}"}}
[debug] [2020-11-24T14:11:57.555Z] [runtime-status] [16308] Checked functions.config() {"config":{}} {"metadata":{"emulator":{"name":"functions"},"message":"[runtime-status] [16308] Checked functions.config() {\"config\":{}}"}}
[debug] [2020-11-24T14:11:57.555Z] [runtime-status] [16308] firebase-functions has been stubbed. {"functionsResolution":{"declared":true,"installed":true,"version":"3.11.0","resolution":"D:\\JavaScript_study\\backup\\build_projects_Portfolio\\Portfolio\\e-commerce\\amazon-clone\\functions\\node_modules\\firebase-functions\\lib\\index.js"}} {"metadata":{"emulator":{"name":"functions"},"message":"[runtime-status] [16308] firebase-functions has been stubbed. {\"functionsResolution\":{\"declared\":true,\"installed\":true,\"version\":\"3.11.0\",\"resolution\":\"D:\\\\JavaScript_study\\\\backup\\\\build_projects_Portfolio\\\\Portfolio\\\\e-commerce\\\\amazon-clone\\\\functions\\\\node_modules\\\\firebase-functions\\\\lib\\\\index.js\"}}"}}
[debug] [2020-11-24T14:11:57.556Z] [runtime-status] [16308] Resolved module firebase-functions {"declared":true,"installed":true,"version":"3.11.0","resolution":"D:\\JavaScript_study\\backup\\build_projects_Portfolio\\Portfolio\\e-commerce\\amazon-clone\\functions\\node_modules\\firebase-functions\\lib\\index.js"} {"metadata":{"emulator":{"name":"functions"},"message":"[runtime-status] [16308] Resolved module firebase-functions {\"declared\":true,\"installed\":true,\"version\":\"3.11.0\",\"resolution\":\"D:\\\\JavaScript_study\\\\backup\\\\build_projects_Portfolio\\\\Portfolio\\\\e-commerce\\\\amazon-clone\\\\functions\\\\node_modules\\\\firebase-functions\\\\lib\\\\index.js\"}"}}
[debug] [2020-11-24T14:11:57.557Z] [runtime-status] [16308] Resolved module firebase-admin {"declared":true,"installed":true,"version":"9.4.1","resolution":"D:\\JavaScript_study\\backup\\build_projects_Portfolio\\Portfolio\\e-commerce\\amazon-clone\\functions\\node_modules\\firebase-admin\\lib\\index.js"} {"metadata":{"emulator":{"name":"functions"},"message":"[runtime-status] [16308] Resolved module firebase-admin {\"declared\":true,\"installed\":true,\"version\":\"9.4.1\",\"resolution\":\"D:\\\\JavaScript_study\\\\backup\\\\build_projects_Portfolio\\\\Portfolio\\\\e-commerce\\\\amazon-clone\\\\functions\\\\node_modules\\\\firebase-admin\\\\lib\\\\index.js\"}"}}
[debug] [2020-11-24T14:11:57.558Z] [runtime-status] [16308] Resolved module firebase-functions {"declared":true,"installed":true,"version":"3.11.0","resolution":"D:\\JavaScript_study\\backup\\build_projects_Portfolio\\Portfolio\\e-commerce\\amazon-clone\\functions\\node_modules\\firebase-functions\\lib\\index.js"} {"metadata":{"emulator":{"name":"functions"},"message":"[runtime-status] [16308] Resolved module firebase-functions {\"declared\":true,\"installed\":true,\"version\":\"3.11.0\",\"resolution\":\"D:\\\\JavaScript_study\\\\backup\\\\build_projects_Portfolio\\\\Portfolio\\\\e-commerce\\\\amazon-clone\\\\functions\\\\node_modules\\\\firebase-functions\\\\lib\\\\index.js\"}"}}
[debug] [2020-11-24T14:11:57.558Z] [runtime-status] [16308] firebase-admin has been stubbed. {"adminResolution":{"declared":true,"installed":true,"version":"9.4.1","resolution":"D:\\JavaScript_study\\backup\\build_projects_Portfolio\\Portfolio\\e-commerce\\amazon-clone\\functions\\node_modules\\firebase-admin\\lib\\index.js"}} {"metadata":{"emulator":{"name":"functions"},"message":"[runtime-status] [16308] firebase-admin has been stubbed. {\"adminResolution\":{\"declared\":true,\"installed\":true,\"version\":\"9.4.1\",\"resolution\":\"D:\\\\JavaScript_study\\\\backup\\\\build_projects_Portfolio\\\\Portfolio\\\\e-commerce\\\\amazon-clone\\\\functions\\\\node_modules\\\\firebase-admin\\\\lib\\\\index.js\"}}"}}
[info] +  functions[api]: http function initialized (http://localhost:5001/clone-379c9/us-central1/api). {"metadata":{"emulator":{"name":"functions"},"message":"\u001b[1mhttp\u001b[22m function initialized (http://localhost:5001/clone-379c9/us-central1/api)."}}
[info] 
┌───────────────────────────────────────────────────────────────────────┐
│ ✔  All emulators ready! View status and logs at http://localhost:4000 │
└───────────────────────────────────────────────────────────────────────┘

┌───────────┬────────────────┬─────────────────────────────────┐
│ Emulator  │ Host:Port      │ View in Emulator UI             │
├───────────┼────────────────┼─────────────────────────────────┤
│ Functions │ localhost:5001 │ http://localhost:4000/functions │
├───────────┼────────────────┼─────────────────────────────────┤
│ Hosting   │ localhost:5000 │ n/a                             │
└───────────┴────────────────┴─────────────────────────────────┘
  Other reserved ports: 4400, 4500

Issues? Report them at https://github.com/firebase/firebase-tools/issues and attach the *-debug.log files.
 
[debug] [2020-11-24T14:11:57.818Z] [worker-~diagnostic~-78a3bc4a-0e0a-425f-b3b0-e61d6d144023]: IDLE {"metadata":{"emulator":{"name":"functions"},"message":"[worker-~diagnostic~-78a3bc4a-0e0a-425f-b3b0-e61d6d144023]: IDLE"}}
[debug] [2020-11-24T14:12:20.326Z] [work-queue] {"queueLength":1,"workRunningCount":0}
[debug] [2020-11-24T14:12:20.326Z] [work-queue] {"queueLength":0,"workRunningCount":1}
[debug] [2020-11-24T14:12:20.327Z] Accepted request GET /clone-379c9/us-central1/api --> api
[debug] [2020-11-24T14:12:20.332Z] [worker-pool] addWorker(api) {"metadata":{"emulator":{"name":"functions"},"message":"[worker-pool] addWorker(api)"}}
[debug] [2020-11-24T14:12:20.332Z] [worker-pool] Adding worker with key api, total=1 {"metadata":{"emulator":{"name":"functions"},"message":"[worker-pool] Adding worker with key api, total=1"}}
[debug] [2020-11-24T14:12:20.332Z] [worker-pool] submitWork(triggerId=api) {"metadata":{"emulator":{"name":"functions"},"message":"[worker-pool] submitWork(triggerId=api)"}}
[debug] [2020-11-24T14:12:20.332Z] [worker-api-b66c0125-daeb-45a3-a3f6-69808a782f30]: Assigning socketPath: \\?\pipe\D:\JavaScript_study\backup\build_projects_Portfolio\Portfolio\e-commerce\amazon-clone\functions\15240 {"metadata":{"emulator":{"name":"functions"},"message":"[worker-api-b66c0125-daeb-45a3-a3f6-69808a782f30]: Assigning socketPath: \\\\?\\pipe\\D:\\JavaScript_study\\backup\\build_projects_Portfolio\\Portfolio\\e-commerce\\amazon-clone\\functions\\15240"}}
[debug] [2020-11-24T14:12:20.333Z] [worker-api-b66c0125-daeb-45a3-a3f6-69808a782f30]: BUSY {"metadata":{"emulator":{"name":"functions"},"message":"[worker-api-b66c0125-daeb-45a3-a3f6-69808a782f30]: BUSY"}}
[debug] [2020-11-24T14:12:20.879Z] [runtime-status] [15240] Functions runtime initialized. {"cwd":"D:\\JavaScript_study\\backup\\build_projects_Portfolio\\Portfolio\\e-commerce\\amazon-clone\\functions","node_version":"12.18.3"} {"metadata":{"emulator":{"name":"functions"},"function":{"name":"api"},"message":"[runtime-status] [15240] Functions runtime initialized. {\"cwd\":\"D:\\\\JavaScript_study\\\\backup\\\\build_projects_Portfolio\\\\Portfolio\\\\e-commerce\\\\amazon-clone\\\\functions\",\"node_version\":\"12.18.3\"}"}}
[debug] [2020-11-24T14:12:20.881Z] [runtime-status] [15240] Disabled runtime features: undefined {"metadata":{"emulator":{"name":"functions"},"function":{"name":"api"},"message":"[runtime-status] [15240] Disabled runtime features: undefined"}}
[debug] [2020-11-24T14:12:20.889Z] [runtime-status] [15240] Resolved module firebase-admin {"declared":true,"installed":true,"version":"9.4.1","resolution":"D:\\JavaScript_study\\backup\\build_projects_Portfolio\\Portfolio\\e-commerce\\amazon-clone\\functions\\node_modules\\firebase-admin\\lib\\index.js"} {"metadata":{"emulator":{"name":"functions"},"function":{"name":"api"},"message":"[runtime-status] [15240] Resolved module firebase-admin {\"declared\":true,\"installed\":true,\"version\":\"9.4.1\",\"resolution\":\"D:\\\\JavaScript_study\\\\backup\\\\build_projects_Portfolio\\\\Portfolio\\\\e-commerce\\\\amazon-clone\\\\functions\\\\node_modules\\\\firebase-admin\\\\lib\\\\index.js\"}"}}
[debug] [2020-11-24T14:12:20.891Z] [runtime-status] [15240] Resolved module firebase-functions {"declared":true,"installed":true,"version":"3.11.0","resolution":"D:\\JavaScript_study\\backup\\build_projects_Portfolio\\Portfolio\\e-commerce\\amazon-clone\\functions\\node_modules\\firebase-functions\\lib\\index.js"} {"metadata":{"emulator":{"name":"functions"},"function":{"name":"api"},"message":"[runtime-status] [15240] Resolved module firebase-functions {\"declared\":true,\"installed\":true,\"version\":\"3.11.0\",\"resolution\":\"D:\\\\JavaScript_study\\\\backup\\\\build_projects_Portfolio\\\\Portfolio\\\\e-commerce\\\\amazon-clone\\\\functions\\\\node_modules\\\\firebase-functions\\\\lib\\\\index.js\"}"}}
[debug] [2020-11-24T14:12:20.892Z] [runtime-status] [15240] Resolved module firebase-functions {"declared":true,"installed":true,"version":"3.11.0","resolution":"D:\\JavaScript_study\\backup\\build_projects_Portfolio\\Portfolio\\e-commerce\\amazon-clone\\functions\\node_modules\\firebase-functions\\lib\\index.js"} {"metadata":{"emulator":{"name":"functions"},"function":{"name":"api"},"message":"[runtime-status] [15240] Resolved module firebase-functions {\"declared\":true,\"installed\":true,\"version\":\"3.11.0\",\"resolution\":\"D:\\\\JavaScript_study\\\\backup\\\\build_projects_Portfolio\\\\Portfolio\\\\e-commerce\\\\amazon-clone\\\\functions\\\\node_modules\\\\firebase-functions\\\\lib\\\\index.js\"}"}}
[debug] [2020-11-24T14:12:20.894Z] [runtime-status] [15240] Outgoing network have been stubbed. [{"name":"http","status":"mocked"},{"name":"http","status":"mocked"},{"name":"https","status":"mocked"},{"name":"https","status":"mocked"},{"name":"net","status":"mocked"}] {"metadata":{"emulator":{"name":"functions"},"function":{"name":"api"},"message":"[runtime-status] [15240] Outgoing network have been stubbed. [{\"name\":\"http\",\"status\":\"mocked\"},{\"name\":\"http\",\"status\":\"mocked\"},{\"name\":\"https\",\"status\":\"mocked\"},{\"name\":\"https\",\"status\":\"mocked\"},{\"name\":\"net\",\"status\":\"mocked\"}]"}}
[debug] [2020-11-24T14:12:20.895Z] [runtime-status] [15240] Resolved module firebase-functions {"declared":true,"installed":true,"version":"3.11.0","resolution":"D:\\JavaScript_study\\backup\\build_projects_Portfolio\\Portfolio\\e-commerce\\amazon-clone\\functions\\node_modules\\firebase-functions\\lib\\index.js"} {"metadata":{"emulator":{"name":"functions"},"function":{"name":"api"},"message":"[runtime-status] [15240] Resolved module firebase-functions {\"declared\":true,\"installed\":true,\"version\":\"3.11.0\",\"resolution\":\"D:\\\\JavaScript_study\\\\backup\\\\build_projects_Portfolio\\\\Portfolio\\\\e-commerce\\\\amazon-clone\\\\functions\\\\node_modules\\\\firebase-functions\\\\lib\\\\index.js\"}"}}
[debug] [2020-11-24T14:12:20.955Z] [runtime-status] [15240] Checked functions.config() {"config":{}} {"metadata":{"emulator":{"name":"functions"},"function":{"name":"api"},"message":"[runtime-status] [15240] Checked functions.config() {\"config\":{}}"}}
[debug] [2020-11-24T14:12:20.955Z] [runtime-status] [15240] firebase-functions has been stubbed. {"functionsResolution":{"declared":true,"installed":true,"version":"3.11.0","resolution":"D:\\JavaScript_study\\backup\\build_projects_Portfolio\\Portfolio\\e-commerce\\amazon-clone\\functions\\node_modules\\firebase-functions\\lib\\index.js"}} {"metadata":{"emulator":{"name":"functions"},"function":{"name":"api"},"message":"[runtime-status] [15240] firebase-functions has been stubbed. {\"functionsResolution\":{\"declared\":true,\"installed\":true,\"version\":\"3.11.0\",\"resolution\":\"D:\\\\JavaScript_study\\\\backup\\\\build_projects_Portfolio\\\\Portfolio\\\\e-commerce\\\\amazon-clone\\\\functions\\\\node_modules\\\\firebase-functions\\\\lib\\\\index.js\"}}"}}
[debug] [2020-11-24T14:12:20.956Z] [runtime-status] [15240] Resolved module firebase-functions {"declared":true,"installed":true,"version":"3.11.0","resolution":"D:\\JavaScript_study\\backup\\build_projects_Portfolio\\Portfolio\\e-commerce\\amazon-clone\\functions\\node_modules\\firebase-functions\\lib\\index.js"} {"metadata":{"emulator":{"name":"functions"},"function":{"name":"api"},"message":"[runtime-status] [15240] Resolved module firebase-functions {\"declared\":true,\"installed\":true,\"version\":\"3.11.0\",\"resolution\":\"D:\\\\JavaScript_study\\\\backup\\\\build_projects_Portfolio\\\\Portfolio\\\\e-commerce\\\\amazon-clone\\\\functions\\\\node_modules\\\\firebase-functions\\\\lib\\\\index.js\"}"}}
[debug] [2020-11-24T14:12:20.957Z] [runtime-status] [15240] Resolved module firebase-admin {"declared":true,"installed":true,"version":"9.4.1","resolution":"D:\\JavaScript_study\\backup\\build_projects_Portfolio\\Portfolio\\e-commerce\\amazon-clone\\functions\\node_modules\\firebase-admin\\lib\\index.js"} {"metadata":{"emulator":{"name":"functions"},"function":{"name":"api"},"message":"[runtime-status] [15240] Resolved module firebase-admin {\"declared\":true,\"installed\":true,\"version\":\"9.4.1\",\"resolution\":\"D:\\\\JavaScript_study\\\\backup\\\\build_projects_Portfolio\\\\Portfolio\\\\e-commerce\\\\amazon-clone\\\\functions\\\\node_modules\\\\firebase-admin\\\\lib\\\\index.js\"}"}}
[debug] [2020-11-24T14:12:20.958Z] [runtime-status] [15240] Resolved module firebase-functions {"declared":true,"installed":true,"version":"3.11.0","resolution":"D:\\JavaScript_study\\backup\\build_projects_Portfolio\\Portfolio\\e-commerce\\amazon-clone\\functions\\node_modules\\firebase-functions\\lib\\index.js"} {"metadata":{"emulator":{"name":"functions"},"function":{"name":"api"},"message":"[runtime-status] [15240] Resolved module firebase-functions {\"declared\":true,\"installed\":true,\"version\":\"3.11.0\",\"resolution\":\"D:\\\\JavaScript_study\\\\backup\\\\build_projects_Portfolio\\\\Portfolio\\\\e-commerce\\\\amazon-clone\\\\functions\\\\node_modules\\\\firebase-functions\\\\lib\\\\index.js\"}"}}
[debug] [2020-11-24T14:12:20.958Z] [runtime-status] [15240] firebase-admin has been stubbed. {"adminResolution":{"declared":true,"installed":true,"version":"9.4.1","resolution":"D:\\JavaScript_study\\backup\\build_projects_Portfolio\\Portfolio\\e-commerce\\amazon-clone\\functions\\node_modules\\firebase-admin\\lib\\index.js"}} {"metadata":{"emulator":{"name":"functions"},"function":{"name":"api"},"message":"[runtime-status] [15240] firebase-admin has been stubbed. {\"adminResolution\":{\"declared\":true,\"installed\":true,\"version\":\"9.4.1\",\"resolution\":\"D:\\\\JavaScript_study\\\\backup\\\\build_projects_Portfolio\\\\Portfolio\\\\e-commerce\\\\amazon-clone\\\\functions\\\\node_modules\\\\firebase-admin\\\\lib\\\\index.js\"}}"}}
[debug] [2020-11-24T14:12:21.201Z] [runtime-status] [15240] Trigger "api" has been found, beginning invocation! {"metadata":{"emulator":{"name":"functions"},"function":{"name":"api"},"message":"[runtime-status] [15240] Trigger \"api\" has been found, beginning invocation!"}}
[info] i  functions: Beginning execution of "api" {"metadata":{"emulator":{"name":"functions"},"function":{"name":"api"},"message":"Beginning execution of \"api\""}}
[debug] [2020-11-24T14:12:21.204Z] [runtime-status] [15240] triggerDefinition {"httpsTrigger":{},"name":"api","entryPoint":"api"} {"metadata":{"emulator":{"name":"functions"},"function":{"name":"api"},"message":"[runtime-status] [15240] triggerDefinition {\"httpsTrigger\":{},\"name\":\"api\",\"entryPoint\":\"api\"}"}}
[debug] [2020-11-24T14:12:21.204Z] [runtime-status] [15240] Running api in mode HTTPS {"metadata":{"emulator":{"name":"functions"},"function":{"name":"api"},"message":"[runtime-status] [15240] Running api in mode HTTPS"}}
[debug] [2020-11-24T14:12:21.207Z] [runtime-status] [15240] Attempting to listen to socketPath: \\?\pipe\D:\JavaScript_study\backup\build_projects_Portfolio\Portfolio\e-commerce\amazon-clone\functions\15240 {"metadata":{"emulator":{"name":"functions"},"function":{"name":"api"},"message":"[runtime-status] [15240] Attempting to listen to socketPath: \\\\?\\pipe\\D:\\JavaScript_study\\backup\\build_projects_Portfolio\\Portfolio\\e-commerce\\amazon-clone\\functions\\15240"}}
[debug] [2020-11-24T14:12:21.210Z] [functions] Runtime ready! Sending request! {"metadata":{"emulator":{"name":"functions"},"message":"[functions] Runtime ready! Sending request!"}}
[debug] [2020-11-24T14:12:21.218Z] [runtime-status] [15240] Ephemeral server handling GET request {"metadata":{"emulator":{"name":"functions"},"function":{"name":"api"},"message":"[runtime-status] [15240] Ephemeral server handling GET request"}}
[debug] [2020-11-24T14:12:21.227Z] [runtime-status] [15240] Ephemeral server survived. {"metadata":{"emulator":{"name":"functions"},"function":{"name":"api"},"message":"[runtime-status] [15240] Ephemeral server survived."}}
[info] i  functions: Finished "api" in ~1s {"metadata":{"emulator":{"name":"functions"},"function":{"name":"api"},"message":"Finished \"api\" in ~1s"}}
[debug] [2020-11-24T14:12:21.231Z] [worker-api-b66c0125-daeb-45a3-a3f6-69808a782f30]: IDLE {"metadata":{"emulator":{"name":"functions"},"message":"[worker-api-b66c0125-daeb-45a3-a3f6-69808a782f30]: IDLE"}}
[debug] [2020-11-24T14:12:21.232Z] [work-queue] {"queueLength":0,"workRunningCount":0}
[debug] [2020-11-24T14:12:50.088Z] [work-queue] {"queueLength":1,"workRunningCount":0}
[debug] [2020-11-24T14:12:50.088Z] [work-queue] {"queueLength":0,"workRunningCount":1}
[debug] [2020-11-24T14:12:50.088Z] Accepted request POST /clone-379c9/us-central1/api/payments/create?total=4644 --> api
[debug] [2020-11-24T14:12:50.088Z] [worker-pool] submitWork(triggerId=api) {"metadata":{"emulator":{"name":"functions"},"message":"[worker-pool] submitWork(triggerId=api)"}}
[debug] [2020-11-24T14:12:50.088Z] [worker-api-b66c0125-daeb-45a3-a3f6-69808a782f30]: Assigning socketPath: \\?\pipe\D:\JavaScript_study\backup\build_projects_Portfolio\Portfolio\e-commerce\amazon-clone\functions\15240 {"metadata":{"emulator":{"name":"functions"},"message":"[worker-api-b66c0125-daeb-45a3-a3f6-69808a782f30]: Assigning socketPath: \\\\?\\pipe\\D:\\JavaScript_study\\backup\\build_projects_Portfolio\\Portfolio\\e-commerce\\amazon-clone\\functions\\15240"}}
[debug] [2020-11-24T14:12:50.089Z] [worker-api-b66c0125-daeb-45a3-a3f6-69808a782f30]: BUSY {"metadata":{"emulator":{"name":"functions"},"message":"[worker-api-b66c0125-daeb-45a3-a3f6-69808a782f30]: BUSY"}}
[debug] [2020-11-24T14:12:50.089Z] [runtime-status] [15240] Trigger "api" has been found, beginning invocation! {"metadata":{"emulator":{"name":"functions"},"function":{"name":"api"},"message":"[runtime-status] [15240] Trigger \"api\" has been found, beginning invocation!"}}
[info] i  functions: Beginning execution of "api" {"metadata":{"emulator":{"name":"functions"},"function":{"name":"api"},"message":"Beginning execution of \"api\""}}
[debug] [2020-11-24T14:12:50.092Z] [runtime-status] [15240] triggerDefinition {"httpsTrigger":{},"name":"api","entryPoint":"api"} {"metadata":{"emulator":{"name":"functions"},"function":{"name":"api"},"message":"[runtime-status] [15240] triggerDefinition {\"httpsTrigger\":{},\"name\":\"api\",\"entryPoint\":\"api\"}"}}
[debug] [2020-11-24T14:12:50.092Z] [runtime-status] [15240] Running api in mode HTTPS {"metadata":{"emulator":{"name":"functions"},"function":{"name":"api"},"message":"[runtime-status] [15240] Running api in mode HTTPS"}}
[debug] [2020-11-24T14:12:50.093Z] [runtime-status] [15240] Attempting to listen to socketPath: \\?\pipe\D:\JavaScript_study\backup\build_projects_Portfolio\Portfolio\e-commerce\amazon-clone\functions\15240 {"metadata":{"emulator":{"name":"functions"},"function":{"name":"api"},"message":"[runtime-status] [15240] Attempting to listen to socketPath: \\\\?\\pipe\\D:\\JavaScript_study\\backup\\build_projects_Portfolio\\Portfolio\\e-commerce\\amazon-clone\\functions\\15240"}}
[debug] [2020-11-24T14:12:50.094Z] [functions] Runtime ready! Sending request! {"metadata":{"emulator":{"name":"functions"},"message":"[functions] Runtime ready! Sending request!"}}
[debug] [2020-11-24T14:12:50.098Z] [runtime-status] [15240] Ephemeral server handling POST request {"metadata":{"emulator":{"name":"functions"},"function":{"name":"api"},"message":"[runtime-status] [15240] Ephemeral server handling POST request"}}
[info] >  Payment Request Recieved. For this amount >>> 4644 {"user":"Payment Request Recieved. For this amount >>> 4644","metadata":{"emulator":{"name":"functions"},"function":{"name":"api"},"message":"\u001b[90m> \u001b[39m Payment Request Recieved. For this amount >>> 4644"}}
[debug] [2020-11-24T14:12:50.126Z] [runtime-status] [15240] Ephemeral server survived. {"metadata":{"emulator":{"name":"functions"},"function":{"name":"api"},"message":"[runtime-status] [15240] Ephemeral server survived."}}
[info] i  functions: Finished "api" in ~1s {"metadata":{"emulator":{"name":"functions"},"function":{"name":"api"},"message":"Finished \"api\" in ~1s"}}
[debug] [2020-11-24T14:12:50.609Z] [worker-api-b66c0125-daeb-45a3-a3f6-69808a782f30]: IDLE {"metadata":{"emulator":{"name":"functions"},"message":"[worker-api-b66c0125-daeb-45a3-a3f6-69808a782f30]: IDLE"}}
[debug] [2020-11-24T14:12:50.610Z] [work-queue] {"queueLength":0,"workRunningCount":0}
[debug] [2020-11-24T14:13:04.443Z] [work-queue] {"queueLength":1,"workRunningCount":0}
[debug] [2020-11-24T14:13:04.443Z] [work-queue] {"queueLength":0,"workRunningCount":1}
[debug] [2020-11-24T14:13:04.443Z] Accepted request POST /clone-379c9/us-central1/api/payments/create?total=0 --> api
[debug] [2020-11-24T14:13:04.443Z] [worker-pool] submitWork(triggerId=api) {"metadata":{"emulator":{"name":"functions"},"message":"[worker-pool] submitWork(triggerId=api)"}}
[debug] [2020-11-24T14:13:04.444Z] [worker-api-b66c0125-daeb-45a3-a3f6-69808a782f30]: Assigning socketPath: \\?\pipe\D:\JavaScript_study\backup\build_projects_Portfolio\Portfolio\e-commerce\amazon-clone\functions\15240 {"metadata":{"emulator":{"name":"functions"},"message":"[worker-api-b66c0125-daeb-45a3-a3f6-69808a782f30]: Assigning socketPath: \\\\?\\pipe\\D:\\JavaScript_study\\backup\\build_projects_Portfolio\\Portfolio\\e-commerce\\amazon-clone\\functions\\15240"}}
[debug] [2020-11-24T14:13:04.444Z] [worker-api-b66c0125-daeb-45a3-a3f6-69808a782f30]: BUSY {"metadata":{"emulator":{"name":"functions"},"message":"[worker-api-b66c0125-daeb-45a3-a3f6-69808a782f30]: BUSY"}}
[debug] [2020-11-24T14:13:04.445Z] [runtime-status] [15240] Trigger "api" has been found, beginning invocation! {"metadata":{"emulator":{"name":"functions"},"function":{"name":"api"},"message":"[runtime-status] [15240] Trigger \"api\" has been found, beginning invocation!"}}
[info] i  functions: Beginning execution of "api" {"metadata":{"emulator":{"name":"functions"},"function":{"name":"api"},"message":"Beginning execution of \"api\""}}
[debug] [2020-11-24T14:13:04.448Z] [runtime-status] [15240] triggerDefinition {"httpsTrigger":{},"name":"api","entryPoint":"api"} {"metadata":{"emulator":{"name":"functions"},"function":{"name":"api"},"message":"[runtime-status] [15240] triggerDefinition {\"httpsTrigger\":{},\"name\":\"api\",\"entryPoint\":\"api\"}"}}
[debug] [2020-11-24T14:13:04.448Z] [runtime-status] [15240] Running api in mode HTTPS {"metadata":{"emulator":{"name":"functions"},"function":{"name":"api"},"message":"[runtime-status] [15240] Running api in mode HTTPS"}}
[debug] [2020-11-24T14:13:04.449Z] [runtime-status] [15240] Attempting to listen to socketPath: \\?\pipe\D:\JavaScript_study\backup\build_projects_Portfolio\Portfolio\e-commerce\amazon-clone\functions\15240 {"metadata":{"emulator":{"name":"functions"},"function":{"name":"api"},"message":"[runtime-status] [15240] Attempting to listen to socketPath: \\\\?\\pipe\\D:\\JavaScript_study\\backup\\build_projects_Portfolio\\Portfolio\\e-commerce\\amazon-clone\\functions\\15240"}}
[debug] [2020-11-24T14:13:04.450Z] [functions] Runtime ready! Sending request! {"metadata":{"emulator":{"name":"functions"},"message":"[functions] Runtime ready! Sending request!"}}
[debug] [2020-11-24T14:13:04.454Z] [runtime-status] [15240] Ephemeral server handling POST request {"metadata":{"emulator":{"name":"functions"},"function":{"name":"api"},"message":"[runtime-status] [15240] Ephemeral server handling POST request"}}
[info] >  Payment Request Recieved. For this amount >>> 0 {"user":"Payment Request Recieved. For this amount >>> 0","metadata":{"emulator":{"name":"functions"},"function":{"name":"api"},"message":"\u001b[90m> \u001b[39m Payment Request Recieved. For this amount >>> 0"}}
[debug] [2020-11-24T14:13:04.456Z] [runtime-status] [15240] Ephemeral server survived. {"metadata":{"emulator":{"name":"functions"},"function":{"name":"api"},"message":"[runtime-status] [15240] Ephemeral server survived."}}
[info] >  (node:15240) UnhandledPromiseRejectionWarning: Error: This value must be greater than or equal to 1. {"user":"(node:15240) UnhandledPromiseRejectionWarning: Error: This value must be greater than or equal to 1.","metadata":{"emulator":{"name":"functions"},"function":{"name":"api"},"message":"\u001b[90m> \u001b[39m (node:15240) UnhandledPromiseRejectionWarning: Error: This value must be greater than or equal to 1."}}
[info] >      at Function.generate (D:\JavaScript_study\backup\build_projects_Portfolio\Portfolio\e-commerce\amazon-clone\functions\node_modules\stripe\lib\Error.js:40:16) {"user":"    at Function.generate (D:\\JavaScript_study\\backup\\build_projects_Portfolio\\Portfolio\\e-commerce\\amazon-clone\\functions\\node_modules\\stripe\\lib\\Error.js:40:16)","metadata":{"emulator":{"name":"functions"},"function":{"name":"api"},"message":"\u001b[90m> \u001b[39m     at Function.generate (D:\\JavaScript_study\\backup\\build_projects_Portfolio\\Portfolio\\e-commerce\\amazon-clone\\functions\\node_modules\\stripe\\lib\\Error.js:40:16)"}}
[info] >      at IncomingMessage.<anonymous> (D:\JavaScript_study\backup\build_projects_Portfolio\Portfolio\e-commerce\amazon-clone\functions\node_modules\stripe\lib\StripeResource.js:190:33) {"user":"    at IncomingMessage.<anonymous> (D:\\JavaScript_study\\backup\\build_projects_Portfolio\\Portfolio\\e-commerce\\amazon-clone\\functions\\node_modules\\stripe\\lib\\StripeResource.js:190:33)","metadata":{"emulator":{"name":"functions"},"function":{"name":"api"},"message":"\u001b[90m> \u001b[39m     at IncomingMessage.<anonymous> (D:\\JavaScript_study\\backup\\build_projects_Portfolio\\Portfolio\\e-commerce\\amazon-clone\\functions\\node_modules\\stripe\\lib\\StripeResource.js:190:33)"}}
[info] >      at Object.onceWrapper (events.js:421:28) {"user":"    at Object.onceWrapper (events.js:421:28)","metadata":{"emulator":{"name":"functions"},"function":{"name":"api"},"message":"\u001b[90m> \u001b[39m     at Object.onceWrapper (events.js:421:28)"}}
[info] >      at IncomingMessage.emit (events.js:327:22) {"user":"    at IncomingMessage.emit (events.js:327:22)","metadata":{"emulator":{"name":"functions"},"function":{"name":"api"},"message":"\u001b[90m> \u001b[39m     at IncomingMessage.emit (events.js:327:22)"}}
[info] >      at endReadableNT (_stream_readable.js:1220:12) {"user":"    at endReadableNT (_stream_readable.js:1220:12)","metadata":{"emulator":{"name":"functions"},"function":{"name":"api"},"message":"\u001b[90m> \u001b[39m     at endReadableNT (_stream_readable.js:1220:12)"}}
[info] >      at processTicksAndRejections (internal/process/task_queues.js:84:21) {"user":"    at processTicksAndRejections (internal/process/task_queues.js:84:21)","metadata":{"emulator":{"name":"functions"},"function":{"name":"api"},"message":"\u001b[90m> \u001b[39m     at processTicksAndRejections (internal/process/task_queues.js:84:21)"}}
[info] >  (node:15240) UnhandledPromiseRejectionWarning: Unhandled promise rejection. This error originated either by throwing inside of an async function without a catch block, or by rejecting a promise which was not handled with .catch(). To terminate the node process on unhandled promise rejection, use the CLI flag `--unhandled-rejections=strict` (see https://nodejs.org/api/cli.html#cli_unhandled_rejections_mode). (rejection id: 1) {"user":"(node:15240) UnhandledPromiseRejectionWarning: Unhandled promise rejection. This error originated either by throwing inside of an async function without a catch block, or by rejecting a promise which was not handled with .catch(). To terminate the node process on unhandled promise rejection, use the CLI flag `--unhandled-rejections=strict` (see https://nodejs.org/api/cli.html#cli_unhandled_rejections_mode). (rejection id: 1)","metadata":{"emulator":{"name":"functions"},"function":{"name":"api"},"message":"\u001b[90m> \u001b[39m (node:15240) UnhandledPromiseRejectionWarning: Unhandled promise rejection. This error originated either by throwing inside of an async function without a catch block, or by rejecting a promise which was not handled with .catch(). To terminate the node process on unhandled promise rejection, use the CLI flag `--unhandled-rejections=strict` (see https://nodejs.org/api/cli.html#cli_unhandled_rejections_mode). (rejection id: 1)"}}
[info] >  (node:15240) [DEP0018] DeprecationWarning: Unhandled promise rejections are deprecated. In the future, promise rejections that are not handled will terminate the Node.js process with a non-zero exit code. {"user":"(node:15240) [DEP0018] DeprecationWarning: Unhandled promise rejections are deprecated. In the future, promise rejections that are not handled will terminate the Node.js process with a non-zero exit code.","metadata":{"emulator":{"name":"functions"},"function":{"name":"api"},"message":"\u001b[90m> \u001b[39m (node:15240) [DEP0018] DeprecationWarning: Unhandled promise rejections are deprecated. In the future, promise rejections that are not handled will terminate the Node.js process with a non-zero exit code."}}
[warn] !  functions: Your function timed out after ~60s. To configure this timeout, see
      https://firebase.google.com/docs/functions/manage-functions#set_timeout_and_memory_allocation. {"metadata":{"emulator":{"name":"functions"},"function":{"name":"api"},"message":"Your function timed out after ~60s. To configure this timeout, see\n      https://firebase.google.com/docs/functions/manage-functions#set_timeout_and_memory_allocation."}}
[info] >  C:\Users\프랜즈\AppData\Roaming\npm\node_modules\firebase-tools\lib\emulator\functionsEmulatorRuntime.js:660 {"user":"C:\\Users\\프랜즈\\AppData\\Roaming\\npm\\node_modules\\firebase-tools\\lib\\emulator\\functionsEmulatorRuntime.js:660\r","metadata":{"emulator":{"name":"functions"},"function":{"name":"api"},"message":"\u001b[90m> \u001b[39m C:\\Users\\프랜즈\\AppData\\Roaming\\npm\\node_modules\\firebase-tools\\lib\\emulator\\functionsEmulatorRuntime.js:660\r"}}
[info] >                  throw new Error("Function timed out."); {"user":"                throw new Error(\"Function timed out.\");\r","metadata":{"emulator":{"name":"functions"},"function":{"name":"api"},"message":"\u001b[90m> \u001b[39m                 throw new Error(\"Function timed out.\");\r"}}
[info] >                  ^ {"user":"                ^\r","metadata":{"emulator":{"name":"functions"},"function":{"name":"api"},"message":"\u001b[90m> \u001b[39m                 ^\r"}}
[info] >   {"user":"\r","metadata":{"emulator":{"name":"functions"},"function":{"name":"api"},"message":"\u001b[90m> \u001b[39m \r"}}
[info] >  Error: Function timed out. {"user":"Error: Function timed out.\r","metadata":{"emulator":{"name":"functions"},"function":{"name":"api"},"message":"\u001b[90m> \u001b[39m Error: Function timed out.\r"}}
[info] >      at Timeout._onTimeout (C:\Users\프랜즈\AppData\Roaming\npm\node_modules\firebase-tools\lib\emulator\functionsEmulatorRuntime.js:660:23) {"user":"    at Timeout._onTimeout (C:\\Users\\프랜즈\\AppData\\Roaming\\npm\\node_modules\\firebase-tools\\lib\\emulator\\functionsEmulatorRuntime.js:660:23)\r","metadata":{"emulator":{"name":"functions"},"function":{"name":"api"},"message":"\u001b[90m> \u001b[39m     at Timeout._onTimeout (C:\\Users\\프랜즈\\AppData\\Roaming\\npm\\node_modules\\firebase-tools\\lib\\emulator\\functionsEmulatorRuntime.js:660:23)\r"}}
[info] >      at listOnTimeout (internal/timers.js:549:17) {"user":"    at listOnTimeout (internal/timers.js:549:17)\r","metadata":{"emulator":{"name":"functions"},"function":{"name":"api"},"message":"\u001b[90m> \u001b[39m     at listOnTimeout (internal/timers.js:549:17)\r"}}
[info] >      at processTimers (internal/timers.js:492:7) {"user":"    at processTimers (internal/timers.js:492:7)\r","metadata":{"emulator":{"name":"functions"},"function":{"name":"api"},"message":"\u001b[90m> \u001b[39m     at processTimers (internal/timers.js:492:7)\r"}}
[debug] [2020-11-24T14:14:04.471Z] [worker-api-b66c0125-daeb-45a3-a3f6-69808a782f30]: exited {"metadata":{"emulator":{"name":"functions"},"message":"[worker-api-b66c0125-daeb-45a3-a3f6-69808a782f30]: exited"}}
[debug] [2020-11-24T14:14:04.471Z] [worker-api-b66c0125-daeb-45a3-a3f6-69808a782f30]: FINISHED {"metadata":{"emulator":{"name":"functions"},"message":"[worker-api-b66c0125-daeb-45a3-a3f6-69808a782f30]: FINISHED"}}
[debug] [2020-11-24T14:14:04.472Z] [work-queue] {"queueLength":0,"workRunningCount":0}
[debug] [2020-11-24T14:14:41.642Z] [work-queue] {"queueLength":1,"workRunningCount":0}
[debug] [2020-11-24T14:14:41.642Z] [work-queue] {"queueLength":0,"workRunningCount":1}
[debug] [2020-11-24T14:14:41.643Z] Accepted request POST /clone-379c9/us-central1/api/payments/create?total=40643 --> api
[debug] [2020-11-24T14:14:41.643Z] [worker-pool] Cleaned up workers for api: 1 --> 0 {"metadata":{"emulator":{"name":"functions"},"message":"[worker-pool] Cleaned up workers for api: 1 --> 0"}}
[debug] [2020-11-24T14:14:41.647Z] [worker-pool] addWorker(api) {"metadata":{"emulator":{"name":"functions"},"message":"[worker-pool] addWorker(api)"}}
[debug] [2020-11-24T14:14:41.647Z] [worker-pool] Adding worker with key api, total=1 {"metadata":{"emulator":{"name":"functions"},"message":"[worker-pool] Adding worker with key api, total=1"}}
[debug] [2020-11-24T14:14:41.648Z] [worker-pool] submitWork(triggerId=api) {"metadata":{"emulator":{"name":"functions"},"message":"[worker-pool] submitWork(triggerId=api)"}}
[debug] [2020-11-24T14:14:41.648Z] [worker-api-08e8261b-6846-42dc-a319-752c468e7f2d]: Assigning socketPath: \\?\pipe\D:\JavaScript_study\backup\build_projects_Portfolio\Portfolio\e-commerce\amazon-clone\functions\15260 {"metadata":{"emulator":{"name":"functions"},"message":"[worker-api-08e8261b-6846-42dc-a319-752c468e7f2d]: Assigning socketPath: \\\\?\\pipe\\D:\\JavaScript_study\\backup\\build_projects_Portfolio\\Portfolio\\e-commerce\\amazon-clone\\functions\\15260"}}
[debug] [2020-11-24T14:14:41.648Z] [worker-api-08e8261b-6846-42dc-a319-752c468e7f2d]: BUSY {"metadata":{"emulator":{"name":"functions"},"message":"[worker-api-08e8261b-6846-42dc-a319-752c468e7f2d]: BUSY"}}
[debug] [2020-11-24T14:14:42.190Z] [runtime-status] [15260] Functions runtime initialized. {"cwd":"D:\\JavaScript_study\\backup\\build_projects_Portfolio\\Portfolio\\e-commerce\\amazon-clone\\functions","node_version":"12.18.3"} {"metadata":{"emulator":{"name":"functions"},"function":{"name":"api"},"message":"[runtime-status] [15260] Functions runtime initialized. {\"cwd\":\"D:\\\\JavaScript_study\\\\backup\\\\build_projects_Portfolio\\\\Portfolio\\\\e-commerce\\\\amazon-clone\\\\functions\",\"node_version\":\"12.18.3\"}"}}
[debug] [2020-11-24T14:14:42.193Z] [runtime-status] [15260] Disabled runtime features: undefined {"metadata":{"emulator":{"name":"functions"},"function":{"name":"api"},"message":"[runtime-status] [15260] Disabled runtime features: undefined"}}
[debug] [2020-11-24T14:14:42.200Z] [runtime-status] [15260] Resolved module firebase-admin {"declared":true,"installed":true,"version":"9.4.1","resolution":"D:\\JavaScript_study\\backup\\build_projects_Portfolio\\Portfolio\\e-commerce\\amazon-clone\\functions\\node_modules\\firebase-admin\\lib\\index.js"} {"metadata":{"emulator":{"name":"functions"},"function":{"name":"api"},"message":"[runtime-status] [15260] Resolved module firebase-admin {\"declared\":true,\"installed\":true,\"version\":\"9.4.1\",\"resolution\":\"D:\\\\JavaScript_study\\\\backup\\\\build_projects_Portfolio\\\\Portfolio\\\\e-commerce\\\\amazon-clone\\\\functions\\\\node_modules\\\\firebase-admin\\\\lib\\\\index.js\"}"}}
[debug] [2020-11-24T14:14:42.203Z] [runtime-status] [15260] Resolved module firebase-functions {"declared":true,"installed":true,"version":"3.11.0","resolution":"D:\\JavaScript_study\\backup\\build_projects_Portfolio\\Portfolio\\e-commerce\\amazon-clone\\functions\\node_modules\\firebase-functions\\lib\\index.js"} {"metadata":{"emulator":{"name":"functions"},"function":{"name":"api"},"message":"[runtime-status] [15260] Resolved module firebase-functions {\"declared\":true,\"installed\":true,\"version\":\"3.11.0\",\"resolution\":\"D:\\\\JavaScript_study\\\\backup\\\\build_projects_Portfolio\\\\Portfolio\\\\e-commerce\\\\amazon-clone\\\\functions\\\\node_modules\\\\firebase-functions\\\\lib\\\\index.js\"}"}}
[debug] [2020-11-24T14:14:42.204Z] [runtime-status] [15260] Resolved module firebase-functions {"declared":true,"installed":true,"version":"3.11.0","resolution":"D:\\JavaScript_study\\backup\\build_projects_Portfolio\\Portfolio\\e-commerce\\amazon-clone\\functions\\node_modules\\firebase-functions\\lib\\index.js"} {"metadata":{"emulator":{"name":"functions"},"function":{"name":"api"},"message":"[runtime-status] [15260] Resolved module firebase-functions {\"declared\":true,\"installed\":true,\"version\":\"3.11.0\",\"resolution\":\"D:\\\\JavaScript_study\\\\backup\\\\build_projects_Portfolio\\\\Portfolio\\\\e-commerce\\\\amazon-clone\\\\functions\\\\node_modules\\\\firebase-functions\\\\lib\\\\index.js\"}"}}
[debug] [2020-11-24T14:14:42.206Z] [runtime-status] [15260] Outgoing network have been stubbed. [{"name":"http","status":"mocked"},{"name":"http","status":"mocked"},{"name":"https","status":"mocked"},{"name":"https","status":"mocked"},{"name":"net","status":"mocked"}] {"metadata":{"emulator":{"name":"functions"},"function":{"name":"api"},"message":"[runtime-status] [15260] Outgoing network have been stubbed. [{\"name\":\"http\",\"status\":\"mocked\"},{\"name\":\"http\",\"status\":\"mocked\"},{\"name\":\"https\",\"status\":\"mocked\"},{\"name\":\"https\",\"status\":\"mocked\"},{\"name\":\"net\",\"status\":\"mocked\"}]"}}
[debug] [2020-11-24T14:14:42.206Z] [runtime-status] [15260] Resolved module firebase-functions {"declared":true,"installed":true,"version":"3.11.0","resolution":"D:\\JavaScript_study\\backup\\build_projects_Portfolio\\Portfolio\\e-commerce\\amazon-clone\\functions\\node_modules\\firebase-functions\\lib\\index.js"} {"metadata":{"emulator":{"name":"functions"},"function":{"name":"api"},"message":"[runtime-status] [15260] Resolved module firebase-functions {\"declared\":true,\"installed\":true,\"version\":\"3.11.0\",\"resolution\":\"D:\\\\JavaScript_study\\\\backup\\\\build_projects_Portfolio\\\\Portfolio\\\\e-commerce\\\\amazon-clone\\\\functions\\\\node_modules\\\\firebase-functions\\\\lib\\\\index.js\"}"}}
[debug] [2020-11-24T14:14:42.267Z] [runtime-status] [15260] Checked functions.config() {"config":{}} {"metadata":{"emulator":{"name":"functions"},"function":{"name":"api"},"message":"[runtime-status] [15260] Checked functions.config() {\"config\":{}}"}}
[debug] [2020-11-24T14:14:42.267Z] [runtime-status] [15260] firebase-functions has been stubbed. {"functionsResolution":{"declared":true,"installed":true,"version":"3.11.0","resolution":"D:\\JavaScript_study\\backup\\build_projects_Portfolio\\Portfolio\\e-commerce\\amazon-clone\\functions\\node_modules\\firebase-functions\\lib\\index.js"}} {"metadata":{"emulator":{"name":"functions"},"function":{"name":"api"},"message":"[runtime-status] [15260] firebase-functions has been stubbed. {\"functionsResolution\":{\"declared\":true,\"installed\":true,\"version\":\"3.11.0\",\"resolution\":\"D:\\\\JavaScript_study\\\\backup\\\\build_projects_Portfolio\\\\Portfolio\\\\e-commerce\\\\amazon-clone\\\\functions\\\\node_modules\\\\firebase-functions\\\\lib\\\\index.js\"}}"}}
[debug] [2020-11-24T14:14:42.269Z] [runtime-status] [15260] Resolved module firebase-functions {"declared":true,"installed":true,"version":"3.11.0","resolution":"D:\\JavaScript_study\\backup\\build_projects_Portfolio\\Portfolio\\e-commerce\\amazon-clone\\functions\\node_modules\\firebase-functions\\lib\\index.js"} {"metadata":{"emulator":{"name":"functions"},"function":{"name":"api"},"message":"[runtime-status] [15260] Resolved module firebase-functions {\"declared\":true,\"installed\":true,\"version\":\"3.11.0\",\"resolution\":\"D:\\\\JavaScript_study\\\\backup\\\\build_projects_Portfolio\\\\Portfolio\\\\e-commerce\\\\amazon-clone\\\\functions\\\\node_modules\\\\firebase-functions\\\\lib\\\\index.js\"}"}}
[debug] [2020-11-24T14:14:42.270Z] [runtime-status] [15260] Resolved module firebase-admin {"declared":true,"installed":true,"version":"9.4.1","resolution":"D:\\JavaScript_study\\backup\\build_projects_Portfolio\\Portfolio\\e-commerce\\amazon-clone\\functions\\node_modules\\firebase-admin\\lib\\index.js"} {"metadata":{"emulator":{"name":"functions"},"function":{"name":"api"},"message":"[runtime-status] [15260] Resolved module firebase-admin {\"declared\":true,\"installed\":true,\"version\":\"9.4.1\",\"resolution\":\"D:\\\\JavaScript_study\\\\backup\\\\build_projects_Portfolio\\\\Portfolio\\\\e-commerce\\\\amazon-clone\\\\functions\\\\node_modules\\\\firebase-admin\\\\lib\\\\index.js\"}"}}
[debug] [2020-11-24T14:14:42.270Z] [runtime-status] [15260] Resolved module firebase-functions {"declared":true,"installed":true,"version":"3.11.0","resolution":"D:\\JavaScript_study\\backup\\build_projects_Portfolio\\Portfolio\\e-commerce\\amazon-clone\\functions\\node_modules\\firebase-functions\\lib\\index.js"} {"metadata":{"emulator":{"name":"functions"},"function":{"name":"api"},"message":"[runtime-status] [15260] Resolved module firebase-functions {\"declared\":true,\"installed\":true,\"version\":\"3.11.0\",\"resolution\":\"D:\\\\JavaScript_study\\\\backup\\\\build_projects_Portfolio\\\\Portfolio\\\\e-commerce\\\\amazon-clone\\\\functions\\\\node_modules\\\\firebase-functions\\\\lib\\\\index.js\"}"}}
[debug] [2020-11-24T14:14:42.271Z] [runtime-status] [15260] firebase-admin has been stubbed. {"adminResolution":{"declared":true,"installed":true,"version":"9.4.1","resolution":"D:\\JavaScript_study\\backup\\build_projects_Portfolio\\Portfolio\\e-commerce\\amazon-clone\\functions\\node_modules\\firebase-admin\\lib\\index.js"}} {"metadata":{"emulator":{"name":"functions"},"function":{"name":"api"},"message":"[runtime-status] [15260] firebase-admin has been stubbed. {\"adminResolution\":{\"declared\":true,\"installed\":true,\"version\":\"9.4.1\",\"resolution\":\"D:\\\\JavaScript_study\\\\backup\\\\build_projects_Portfolio\\\\Portfolio\\\\e-commerce\\\\amazon-clone\\\\functions\\\\node_modules\\\\firebase-admin\\\\lib\\\\index.js\"}}"}}
[debug] [2020-11-24T14:14:42.505Z] [runtime-status] [15260] Trigger "api" has been found, beginning invocation! {"metadata":{"emulator":{"name":"functions"},"function":{"name":"api"},"message":"[runtime-status] [15260] Trigger \"api\" has been found, beginning invocation!"}}
[info] i  functions: Beginning execution of "api" {"metadata":{"emulator":{"name":"functions"},"function":{"name":"api"},"message":"Beginning execution of \"api\""}}
[debug] [2020-11-24T14:14:42.507Z] [runtime-status] [15260] triggerDefinition {"httpsTrigger":{},"name":"api","entryPoint":"api"} {"metadata":{"emulator":{"name":"functions"},"function":{"name":"api"},"message":"[runtime-status] [15260] triggerDefinition {\"httpsTrigger\":{},\"name\":\"api\",\"entryPoint\":\"api\"}"}}
[debug] [2020-11-24T14:14:42.507Z] [runtime-status] [15260] Running api in mode HTTPS {"metadata":{"emulator":{"name":"functions"},"function":{"name":"api"},"message":"[runtime-status] [15260] Running api in mode HTTPS"}}
[debug] [2020-11-24T14:14:42.510Z] [runtime-status] [15260] Attempting to listen to socketPath: \\?\pipe\D:\JavaScript_study\backup\build_projects_Portfolio\Portfolio\e-commerce\amazon-clone\functions\15260 {"metadata":{"emulator":{"name":"functions"},"function":{"name":"api"},"message":"[runtime-status] [15260] Attempting to listen to socketPath: \\\\?\\pipe\\D:\\JavaScript_study\\backup\\build_projects_Portfolio\\Portfolio\\e-commerce\\amazon-clone\\functions\\15260"}}
[debug] [2020-11-24T14:14:42.513Z] [functions] Runtime ready! Sending request! {"metadata":{"emulator":{"name":"functions"},"message":"[functions] Runtime ready! Sending request!"}}
[debug] [2020-11-24T14:14:42.521Z] [runtime-status] [15260] Ephemeral server handling POST request {"metadata":{"emulator":{"name":"functions"},"function":{"name":"api"},"message":"[runtime-status] [15260] Ephemeral server handling POST request"}}
[info] >  Payment Request Recieved. For this amount >>> 40643 {"user":"Payment Request Recieved. For this amount >>> 40643","metadata":{"emulator":{"name":"functions"},"function":{"name":"api"},"message":"\u001b[90m> \u001b[39m Payment Request Recieved. For this amount >>> 40643"}}
[debug] [2020-11-24T14:14:42.537Z] [runtime-status] [15260] Ephemeral server survived. {"metadata":{"emulator":{"name":"functions"},"function":{"name":"api"},"message":"[runtime-status] [15260] Ephemeral server survived."}}
[info] i  functions: Finished "api" in ~1s {"metadata":{"emulator":{"name":"functions"},"function":{"name":"api"},"message":"Finished \"api\" in ~1s"}}
[debug] [2020-11-24T14:14:42.972Z] [worker-api-08e8261b-6846-42dc-a319-752c468e7f2d]: IDLE {"metadata":{"emulator":{"name":"functions"},"message":"[worker-api-08e8261b-6846-42dc-a319-752c468e7f2d]: IDLE"}}
[debug] [2020-11-24T14:14:42.973Z] [work-queue] {"queueLength":0,"workRunningCount":0}
[debug] [2020-11-24T14:22:39.863Z] [work-queue] {"queueLength":1,"workRunningCount":0}
[debug] [2020-11-24T14:22:39.864Z] [work-queue] {"queueLength":0,"workRunningCount":1}
[debug] [2020-11-24T14:22:39.864Z] Accepted request POST /clone-379c9/us-central1/api/payments/create?total=40643 --> api
[debug] [2020-11-24T14:22:39.864Z] [worker-pool] submitWork(triggerId=api) {"metadata":{"emulator":{"name":"functions"},"message":"[worker-pool] submitWork(triggerId=api)"}}
[debug] [2020-11-24T14:22:39.865Z] [worker-api-08e8261b-6846-42dc-a319-752c468e7f2d]: Assigning socketPath: \\?\pipe\D:\JavaScript_study\backup\build_projects_Portfolio\Portfolio\e-commerce\amazon-clone\functions\15260 {"metadata":{"emulator":{"name":"functions"},"message":"[worker-api-08e8261b-6846-42dc-a319-752c468e7f2d]: Assigning socketPath: \\\\?\\pipe\\D:\\JavaScript_study\\backup\\build_projects_Portfolio\\Portfolio\\e-commerce\\amazon-clone\\functions\\15260"}}
[debug] [2020-11-24T14:22:39.865Z] [worker-api-08e8261b-6846-42dc-a319-752c468e7f2d]: BUSY {"metadata":{"emulator":{"name":"functions"},"message":"[worker-api-08e8261b-6846-42dc-a319-752c468e7f2d]: BUSY"}}
[debug] [2020-11-24T14:22:39.866Z] [runtime-status] [15260] Trigger "api" has been found, beginning invocation! {"metadata":{"emulator":{"name":"functions"},"function":{"name":"api"},"message":"[runtime-status] [15260] Trigger \"api\" has been found, beginning invocation!"}}
[info] i  functions: Beginning execution of "api" {"metadata":{"emulator":{"name":"functions"},"function":{"name":"api"},"message":"Beginning execution of \"api\""}}
[debug] [2020-11-24T14:22:39.871Z] [runtime-status] [15260] triggerDefinition {"httpsTrigger":{},"name":"api","entryPoint":"api"} {"metadata":{"emulator":{"name":"functions"},"function":{"name":"api"},"message":"[runtime-status] [15260] triggerDefinition {\"httpsTrigger\":{},\"name\":\"api\",\"entryPoint\":\"api\"}"}}
[debug] [2020-11-24T14:22:39.871Z] [runtime-status] [15260] Running api in mode HTTPS {"metadata":{"emulator":{"name":"functions"},"function":{"name":"api"},"message":"[runtime-status] [15260] Running api in mode HTTPS"}}
[debug] [2020-11-24T14:22:39.872Z] [runtime-status] [15260] Attempting to listen to socketPath: \\?\pipe\D:\JavaScript_study\backup\build_projects_Portfolio\Portfolio\e-commerce\amazon-clone\functions\15260 {"metadata":{"emulator":{"name":"functions"},"function":{"name":"api"},"message":"[runtime-status] [15260] Attempting to listen to socketPath: \\\\?\\pipe\\D:\\JavaScript_study\\backup\\build_projects_Portfolio\\Portfolio\\e-commerce\\amazon-clone\\functions\\15260"}}
[debug] [2020-11-24T14:22:39.874Z] [functions] Runtime ready! Sending request! {"metadata":{"emulator":{"name":"functions"},"message":"[functions] Runtime ready! Sending request!"}}
[debug] [2020-11-24T14:22:39.881Z] [runtime-status] [15260] Ephemeral server handling POST request {"metadata":{"emulator":{"name":"functions"},"function":{"name":"api"},"message":"[runtime-status] [15260] Ephemeral server handling POST request"}}
[info] >  Payment Request Recieved. For this amount >>> 40643 {"user":"Payment Request Recieved. For this amount >>> 40643","metadata":{"emulator":{"name":"functions"},"function":{"name":"api"},"message":"\u001b[90m> \u001b[39m Payment Request Recieved. For this amount >>> 40643"}}
[debug] [2020-11-24T14:22:39.888Z] [runtime-status] [15260] Ephemeral server survived. {"metadata":{"emulator":{"name":"functions"},"function":{"name":"api"},"message":"[runtime-status] [15260] Ephemeral server survived."}}
[info] i  functions: Finished "api" in ~1s {"metadata":{"emulator":{"name":"functions"},"function":{"name":"api"},"message":"Finished \"api\" in ~1s"}}
[debug] [2020-11-24T14:22:40.278Z] [worker-api-08e8261b-6846-42dc-a319-752c468e7f2d]: IDLE {"metadata":{"emulator":{"name":"functions"},"message":"[worker-api-08e8261b-6846-42dc-a319-752c468e7f2d]: IDLE"}}
[debug] [2020-11-24T14:22:40.278Z] [work-queue] {"queueLength":0,"workRunningCount":0}
